<?xml version="1.0" encoding="UTF-8"?>
<!-- Generated by org.testng.reporters.JUnitReportReporter -->
<testsuite skipped="0" hostname="gundar-win7" name="groupId1.ReadExcelData" tests="6" failures="0" timestamp="26 Jul 2019 12:36:15 GMT" time="1.033" errors="0">
  <testcase name="GetExcelData" time="0.182" classname="groupId1.ReadExcelData"/>
  <testcase name="GetExcelData" time="0.145" classname="groupId1.ReadExcelData"/>
  <testcase name="GetExcelData" time="0.255" classname="groupId1.ReadExcelData"/>
  <testcase name="GetExcelData" time="0.162" classname="groupId1.ReadExcelData"/>
  <testcase name="GetExcelData" time="0.155" classname="groupId1.ReadExcelData"/>
  <testcase name="GetExcelData" time="0.134" classname="groupId1.ReadExcelData"/>
</testsuite> <!-- groupId1.ReadExcelData -->
