<?xml version="1.0" encoding="UTF-8"?>
<!-- Generated by org.testng.reporters.JUnitReportReporter -->
<testsuite skipped="0" hostname="gundar-win7" name="Academy.validateNavigationBar" tests="1" failures="0" timestamp="05 Nov 2019 11:30:17 GMT" time="0.037" errors="0">
  <testcase name="validateAppNavBar" time="0.037" classname="Academy.validateNavigationBar"/>
</testsuite> <!-- Academy.validateNavigationBar -->
