<?xml version="1.0" encoding="UTF-8"?>
<!-- Generated by org.testng.reporters.JUnitReportReporter -->
<testsuite skipped="0" hostname="gundar-win7" name="EndToEndgroup.Test1" tests="1" failures="0" timestamp="30 Sep 2019 07:34:28 GMT" time="21.627" errors="0">
  <testcase name="CallBaseClass" time="21.627" classname="EndToEndgroup.Test1"/>
</testsuite> <!-- EndToEndgroup.Test1 -->
