<?xml version="1.0" encoding="UTF-8"?>
<!-- Generated by org.testng.reporters.JUnitReportReporter -->
<testsuite hostname="gundar-win7" name="testPackage.Test4" tests="3" failures="0" timestamp="22 Aug 2019 14:00:32 GMT" time="0.010" errors="0">
  <testcase name="TrainLogin" time="0.000" classname="testPackage.Test4"/>
  <testcase name="BikeLogin" time="0.000" classname="testPackage.Test4"/>
  <testcase name="CarLogin" time="0.010" classname="testPackage.Test4"/>
</testsuite> <!-- testPackage.Test4 -->
