<?xml version="1.0" encoding="UTF-8"?>
<!-- Generated by org.testng.reporters.JUnitReportReporter -->
<testsuite hostname="gundar-win7" name="testPackage.Test2" tests="3" failures="0" timestamp="22 Aug 2019 14:00:32 GMT" time="0.000" errors="0">
  <testcase name="Bike2" time="0.000" classname="testPackage.Test2"/>
  <testcase name="Bike3" time="0.000" classname="testPackage.Test2"/>
  <testcase name="Bike1" time="0.000" classname="testPackage.Test2"/>
</testsuite> <!-- testPackage.Test2 -->
