<?xml version="1.0" encoding="UTF-8"?>
<!-- Generated by org.testng.reporters.JUnitReportReporter -->
<testsuite hostname="gundar-win7" name="testPackage.Test3" tests="3" failures="0" timestamp="22 Aug 2019 14:00:32 GMT" time="0.000" errors="0">
  <testcase name="Train1" time="0.000" classname="testPackage.Test3"/>
  <testcase name="Train2" time="0.000" classname="testPackage.Test3"/>
  <testcase name="Train3" time="0.000" classname="testPackage.Test3"/>
</testsuite> <!-- testPackage.Test3 -->
