<?xml version="1.0" encoding="UTF-8"?>
<!-- Generated by org.testng.reporters.JUnitReportReporter -->
<testsuite skipped="0" hostname="gundar-win7" name="group7.DogTest" tests="3" failures="0" timestamp="2019-08-23T18:23:58 IST" time="0.006" errors="0">
  <testcase name="bigDog" time="0.002" classname="group7.DogTest"/>
  <testcase name="babyDog" time="0.002" classname="group7.DogTest"/>
  <testcase name="smallDog" time="0.002" classname="group7.DogTest"/>
</testsuite> <!-- group7.DogTest -->
