<?xml version="1.0" encoding="UTF-8"?>
<!-- Generated by org.testng.reporters.JUnitReportReporter -->
<testsuite skipped="0" hostname="gundar-win7" name="group7.ElephantTest" tests="3" failures="0" timestamp="2019-08-23T18:23:58 IST" time="0.000" errors="0">
  <testcase name="babyElephant" time="0.000" classname="group7.ElephantTest"/>
  <testcase name="bigElephant" time="0.000" classname="group7.ElephantTest"/>
  <testcase name="smallElephant" time="0.000" classname="group7.ElephantTest"/>
</testsuite> <!-- group7.ElephantTest -->
