<?xml version="1.0" encoding="UTF-8"?>
<!-- Generated by org.testng.reporters.JUnitReportReporter -->
<testsuite skipped="0" hostname="gundar-win7" name="group7.ScreenShotAndDeleteCookies" tests="1" failures="0" timestamp="2019-08-23T19:22:41 IST" time="28.760" errors="0">
  <testcase name="ScreenShotAndDeleteCookiesMethod" time="28.760" classname="group7.ScreenShotAndDeleteCookies"/>
</testsuite> <!-- group7.ScreenShotAndDeleteCookies -->
