<?xml version="1.0" encoding="UTF-8"?>
<!-- Generated by org.testng.reporters.JUnitReportReporter -->
<testsuite skipped="0" hostname="gundar-win7" name="group7.HandlingSSLCertificationErrors" tests="1" failures="0" timestamp="2019-08-23T18:19:14 IST" time="2.235" errors="0">
  <testcase name="method1" time="2.235" classname="group7.HandlingSSLCertificationErrors"/>
</testsuite> <!-- group7.HandlingSSLCertificationErrors -->
