<?xml version="1.0" encoding="UTF-8"?>
<!-- Generated by org.testng.reporters.JUnitReportReporter -->
<testsuite skipped="0" hostname="gundar-win7" name="group7.CatTest" tests="4" failures="0" timestamp="2019-08-23T18:23:58 IST" time="15.930" errors="0">
  <testcase name="smallCat" time="0.001" classname="group7.CatTest"/>
  <testcase name="GetDataFromPropertiesFile" time="15.929" classname="group7.CatTest"/>
  <testcase name="bigCat" time="0.000" classname="group7.CatTest"/>
  <testcase name="babyCat" time="0.000" classname="group7.CatTest"/>
</testsuite> <!-- group7.CatTest -->
