<?xml version="1.0" encoding="UTF-8"?>
<!-- Generated by org.testng.reporters.JUnitReportReporter -->
<testsuite skipped="0" hostname="gundar-win7" name="group7.PropertiesTest" tests="1" failures="0" timestamp="2019-08-23T18:19:14 IST" time="14.887" errors="0">
  <testcase name="GetDataFromPropertiesFile" time="14.887" classname="group7.PropertiesTest"/>
</testsuite> <!-- group7.PropertiesTest -->
