<?xml version="1.0" encoding="UTF-8"?>
<!-- Generated by org.testng.reporters.JUnitReportReporter -->
<testsuite skipped="0" hostname="gundar-win7" name="EndToEndgroup.Test1HomePage" tests="2" failures="0" timestamp="05 Nov 2019 11:05:24 GMT" time="81.657" errors="0">
  <testcase name="TestLogin" time="37.868" classname="EndToEndgroup.Test1HomePage"/>
  <testcase name="TestLogin" time="43.789" classname="EndToEndgroup.Test1HomePage"/>
</testsuite> <!-- EndToEndgroup.Test1HomePage -->
