<?xml version="1.0" encoding="UTF-8"?>
<!-- Generated by org.testng.reporters.JUnitReportReporter -->
<testsuite skipped="0" hostname="gundar-win7" name="EndToEndgroup.Test2CrossBrowser" tests="2" failures="0" timestamp="05 Nov 2019 11:05:24 GMT" time="13.654" errors="0">
  <testcase name="TestLoginMethod" time="6.281" classname="EndToEndgroup.Test2CrossBrowser"/>
  <testcase name="TestLoginMethod" time="7.373" classname="EndToEndgroup.Test2CrossBrowser"/>
</testsuite> <!-- EndToEndgroup.Test2CrossBrowser -->
