<?xml version="1.0" encoding="UTF-8"?>
<!-- Generated by org.testng.reporters.JUnitReportReporter -->
<testsuite hostname="gundar-win7" name="testcases.LoginApplication" tests="1" failures="0" timestamp="27 Sep 2019 07:31:59 GMT" time="22.402" errors="0">
  <testcase name="Login" time="22.402" classname="testcases.LoginApplication"/>
</testsuite> <!-- testcases.LoginApplication -->
