<?xml version="1.0" encoding="UTF-8"?>
<!-- Generated by org.testng.reporters.JUnitReportReporter -->
<testsuite skipped="0" hostname="gundar-win7" name="qaclickacadamy.AppiumTest" tests="2" failures="0" timestamp="23 Jul 2019 09:04:59 GMT" time="0.006" errors="0">
  <testcase name="AppiumTest2" time="0.001" classname="qaclickacadamy.AppiumTest"/>
  <testcase name="AppiumTest1" time="0.005" classname="qaclickacadamy.AppiumTest"/>
</testsuite> <!-- qaclickacadamy.AppiumTest -->
