<?xml version="1.0" encoding="UTF-8"?>
<!-- Generated by org.testng.reporters.JUnitReportReporter -->
<testsuite skipped="0" hostname="gundar-win7" name="qaclickacadamy.SeleniumTest" tests="2" failures="0" timestamp="23 Jul 2019 09:04:59 GMT" time="0.000" errors="0">
  <testcase name="SeleniumTest1" time="0.000" classname="qaclickacadamy.SeleniumTest"/>
  <testcase name="SeleniumTest2" time="0.000" classname="qaclickacadamy.SeleniumTest"/>
</testsuite> <!-- qaclickacadamy.SeleniumTest -->
