<?xml version="1.0" encoding="UTF-8"?>
<!-- Generated by org.testng.reporters.JUnitReportReporter -->
<testsuite skipped="0" hostname="gundar-win7" name="groupId1.ReadExcelData" tests="6" failures="0" timestamp="12 Sep 2019 14:12:16 GMT" time="0.982" errors="0">
  <testcase name="GetExcelData" time="0.136" classname="groupId1.ReadExcelData"/>
  <testcase name="GetExcelData" time="0.130" classname="groupId1.ReadExcelData"/>
  <testcase name="GetExcelData" time="0.151" classname="groupId1.ReadExcelData"/>
  <testcase name="GetExcelData" time="0.131" classname="groupId1.ReadExcelData"/>
  <testcase name="GetExcelData" time="0.284" classname="groupId1.ReadExcelData"/>
  <testcase name="GetExcelData" time="0.150" classname="groupId1.ReadExcelData"/>
</testsuite> <!-- groupId1.ReadExcelData -->
