<?xml version="1.0" encoding="UTF-8"?>
<!-- Generated by org.testng.reporters.JUnitReportReporter -->
<testsuite skipped="0" hostname="gundar-win7" name="qaclickacadamy.RestAPITest" tests="2" failures="0" timestamp="23 Jul 2019 09:04:59 GMT" time="0.000" errors="0">
  <testcase name="RestAPI2" time="0.000" classname="qaclickacadamy.RestAPITest"/>
  <testcase name="RestAPI1" time="0.000" classname="qaclickacadamy.RestAPITest"/>
</testsuite> <!-- qaclickacadamy.RestAPITest -->
